2023-08-14 20:03:46,314 p=21692 u=ubuntu n=ansible | ERROR! the playbook: book.yml could not be found
2023-08-14 20:04:00,646 p=21697 u=ubuntu n=ansible | PLAY [Generate artifact, copy artifact & sql file to files directory] **********
2023-08-14 20:04:00,663 p=21697 u=ubuntu n=ansible | TASK [Gathering Facts] *********************************************************
2023-08-14 20:04:02,046 p=21697 u=ubuntu n=ansible | ok: [localhost]
2023-08-14 20:04:02,063 p=21697 u=ubuntu n=ansible | TASK [Install  jdk, maven, git] ************************************************
2023-08-14 20:04:15,073 p=21697 u=ubuntu n=ansible | ok: [localhost] => (item=git)
2023-08-14 20:04:55,423 p=21697 u=ubuntu n=ansible | changed: [localhost] => (item=openjdk-8-jdk)
2023-08-14 20:05:06,820 p=21697 u=ubuntu n=ansible | changed: [localhost] => (item=maven)
2023-08-14 20:05:06,834 p=21697 u=ubuntu n=ansible | TASK [Clone source code from github] *******************************************
2023-08-14 20:05:12,100 p=21697 u=ubuntu n=ansible | changed: [localhost]
2023-08-14 20:05:12,112 p=21697 u=ubuntu n=ansible | TASK [mvn install command to build artifact] ***********************************
2023-08-14 20:05:53,055 p=21697 u=ubuntu n=ansible | changed: [localhost]
2023-08-14 20:05:53,080 p=21697 u=ubuntu n=ansible | TASK [Copy artifacts to files directory] ***************************************
2023-08-14 20:05:54,248 p=21697 u=ubuntu n=ansible | changed: [localhost] => (item=/home/ubuntu/ansible-aws-vpc/provision-stack/Vprofile-repo/target/vprofile-v2.war)
2023-08-14 20:05:54,260 p=21697 u=ubuntu n=ansible | TASK [Copy SQL file to files directory] ****************************************
2023-08-14 20:05:54,700 p=21697 u=ubuntu n=ansible | changed: [localhost]
2023-08-14 20:05:54,718 p=21697 u=ubuntu n=ansible | PLAY RECAP *********************************************************************
2023-08-14 20:05:54,718 p=21697 u=ubuntu n=ansible | localhost                  : ok=6    changed=5    unreachable=0    failed=0    skipped=0    rescued=0    ignored=0   
2023-08-14 20:07:17,384 p=27026 u=ubuntu n=ansible | PLAY [Set host to ip mapping in /etc/hosts file of all the instances in the stack] ***
2023-08-14 20:07:17,400 p=27026 u=ubuntu n=ansible | TASK [Gathering Facts] *********************************************************
2023-08-14 20:07:19,153 p=27026 u=ubuntu n=ansible | ok: [cntl]
2023-08-14 20:08:03,543 p=27026 u=ubuntu n=ansible | fatal: [web01]: UNREACHABLE! => {"changed": false, "msg": "Failed to connect to the host via ssh: ssh: connect to host 172.20.4.169 port 22: Connection timed out", "unreachable": true}
2023-08-14 20:08:03,547 p=27026 u=ubuntu n=ansible | fatal: [app01]: UNREACHABLE! => {"changed": false, "msg": "Failed to connect to the host via ssh: ssh: connect to host 172.20.4.152 port 22: Connection timed out", "unreachable": true}
2023-08-14 20:08:03,568 p=27026 u=ubuntu n=ansible | fatal: [rmq01]: UNREACHABLE! => {"changed": false, "msg": "Failed to connect to the host via ssh: ssh: connect to host 172.20.4.184 port 22: Connection timed out", "unreachable": true}
2023-08-14 20:08:03,589 p=27026 u=ubuntu n=ansible | fatal: [mc01]: UNREACHABLE! => {"changed": false, "msg": "Failed to connect to the host via ssh: ssh: connect to host 172.20.4.206 port 22: Connection timed out", "unreachable": true}
2023-08-14 20:08:05,224 p=27026 u=ubuntu n=ansible | fatal: [db01]: UNREACHABLE! => {"changed": false, "msg": "Failed to connect to the host via ssh: ssh: connect to host 172.20.4.35 port 22: Connection timed out", "unreachable": true}
2023-08-14 20:08:05,243 p=27026 u=ubuntu n=ansible | TASK [Import VPC setup Variable] ***********************************************
2023-08-14 20:08:05,257 p=27026 u=ubuntu n=ansible | ok: [cntl]
2023-08-14 20:08:05,267 p=27026 u=ubuntu n=ansible | TASK [Update hosts file for all the hosts] *************************************
2023-08-14 20:08:05,647 p=27026 u=ubuntu n=ansible | changed: [cntl]
2023-08-14 20:08:05,665 p=27026 u=ubuntu n=ansible | PLAY RECAP *********************************************************************
2023-08-14 20:08:05,666 p=27026 u=ubuntu n=ansible | app01                      : ok=0    changed=0    unreachable=1    failed=0    skipped=0    rescued=0    ignored=0   
2023-08-14 20:08:05,666 p=27026 u=ubuntu n=ansible | cntl                       : ok=3    changed=1    unreachable=0    failed=0    skipped=0    rescued=0    ignored=0   
2023-08-14 20:08:05,666 p=27026 u=ubuntu n=ansible | db01                       : ok=0    changed=0    unreachable=1    failed=0    skipped=0    rescued=0    ignored=0   
2023-08-14 20:08:05,666 p=27026 u=ubuntu n=ansible | mc01                       : ok=0    changed=0    unreachable=1    failed=0    skipped=0    rescued=0    ignored=0   
2023-08-14 20:08:05,667 p=27026 u=ubuntu n=ansible | rmq01                      : ok=0    changed=0    unreachable=1    failed=0    skipped=0    rescued=0    ignored=0   
2023-08-14 20:08:05,667 p=27026 u=ubuntu n=ansible | web01                      : ok=0    changed=0    unreachable=1    failed=0    skipped=0    rescued=0    ignored=0   
2023-08-14 20:46:23,204 p=28679 u=ubuntu n=ansible | PLAY [Set host to ip mapping in /etc/hosts file of all the instances in the stack] ***
2023-08-14 20:46:23,213 p=28679 u=ubuntu n=ansible | TASK [Gathering Facts] *********************************************************
2023-08-14 20:46:24,945 p=28679 u=ubuntu n=ansible | ok: [cntl]
2023-08-14 20:46:26,017 p=28679 u=ubuntu n=ansible | ok: [web01]
2023-08-14 20:46:26,079 p=28679 u=ubuntu n=ansible | ok: [app01]
2023-08-14 20:46:26,890 p=28679 u=ubuntu n=ansible | ok: [mc01]
2023-08-14 20:46:26,981 p=28679 u=ubuntu n=ansible | ok: [rmq01]
2023-08-14 20:46:27,760 p=28679 u=ubuntu n=ansible | ok: [db01]
2023-08-14 20:46:27,779 p=28679 u=ubuntu n=ansible | TASK [Import VPC setup Variable] ***********************************************
2023-08-14 20:46:27,829 p=28679 u=ubuntu n=ansible | ok: [cntl]
2023-08-14 20:46:27,849 p=28679 u=ubuntu n=ansible | ok: [web01]
2023-08-14 20:46:27,873 p=28679 u=ubuntu n=ansible | ok: [app01]
2023-08-14 20:46:27,893 p=28679 u=ubuntu n=ansible | ok: [rmq01]
2023-08-14 20:46:27,897 p=28679 u=ubuntu n=ansible | ok: [mc01]
2023-08-14 20:46:27,904 p=28679 u=ubuntu n=ansible | ok: [db01]
2023-08-14 20:46:27,915 p=28679 u=ubuntu n=ansible | TASK [Update hosts file for all the hosts] *************************************
2023-08-14 20:46:28,782 p=28679 u=ubuntu n=ansible | changed: [web01]
2023-08-14 20:46:28,787 p=28679 u=ubuntu n=ansible | changed: [mc01]
2023-08-14 20:46:28,787 p=28679 u=ubuntu n=ansible | changed: [app01]
2023-08-14 20:46:28,787 p=28679 u=ubuntu n=ansible | changed: [rmq01]
2023-08-14 20:46:28,807 p=28679 u=ubuntu n=ansible | changed: [cntl]
2023-08-14 20:46:29,108 p=28679 u=ubuntu n=ansible | changed: [db01]
2023-08-14 20:46:29,127 p=28679 u=ubuntu n=ansible | PLAY RECAP *********************************************************************
2023-08-14 20:46:29,128 p=28679 u=ubuntu n=ansible | app01                      : ok=3    changed=1    unreachable=0    failed=0    skipped=0    rescued=0    ignored=0   
2023-08-14 20:46:29,128 p=28679 u=ubuntu n=ansible | cntl                       : ok=3    changed=1    unreachable=0    failed=0    skipped=0    rescued=0    ignored=0   
2023-08-14 20:46:29,128 p=28679 u=ubuntu n=ansible | db01                       : ok=3    changed=1    unreachable=0    failed=0    skipped=0    rescued=0    ignored=0   
2023-08-14 20:46:29,128 p=28679 u=ubuntu n=ansible | mc01                       : ok=3    changed=1    unreachable=0    failed=0    skipped=0    rescued=0    ignored=0   
2023-08-14 20:46:29,129 p=28679 u=ubuntu n=ansible | rmq01                      : ok=3    changed=1    unreachable=0    failed=0    skipped=0    rescued=0    ignored=0   
2023-08-14 20:46:29,129 p=28679 u=ubuntu n=ansible | web01                      : ok=3    changed=1    unreachable=0    failed=0    skipped=0    rescued=0    ignored=0   
